<?xml version="1.0" encoding="UTF-8"?>
<!-- Generated by org.testng.reporters.JUnitReportReporter -->
<testsuite hostname="LAPTOP-MV8D8OCH" failures="0" tests="2" name="TestClasses.VerifyUserCanAddNewAddress" time="4.756" errors="0" timestamp="2022-07-22T16:43:57 IST" skipped="0">
  <testcase classname="TestClasses.VerifyUserCanAddNewAddress" name="verifyUserCanGoToProfilePage" time="1.000"/>
  <system-out/>
  <testcase classname="TestClasses.VerifyUserCanAddNewAddress" name="veryUserCanAddAddress" time="3.756"/>
  <system-out/>
</testsuite> <!-- TestClasses.VerifyUserCanAddNewAddress -->
