<?xml version="1.0" encoding="UTF-8"?>
<!-- Generated by org.testng.reporters.JUnitReportReporter -->
<testsuite hostname="LAPTOP-MV8D8OCH" failures="0" tests="1" name="TestClasses.VerifyUserCanLogIn" time="2.259" errors="0" timestamp="2022-07-22T16:43:57 IST" skipped="0">
  <testcase classname="TestClasses.VerifyUserCanLogIn" name="verifyUserCanLogin" time="2.259"/>
  <system-out/>
</testsuite> <!-- TestClasses.VerifyUserCanLogIn -->
